[0.139s] [34mcolcon[0m [1;30mDEBUG[0m [32mCommand line arguments: ['/usr/bin/colcon', 'build'][0m
[0.139s] [34mcolcon[0m [1;30mDEBUG[0m [32mParsed command line arguments: Namespace(log_base=None, log_level=None, verb_name='build', build_base='build', install_base='install', merge_install=False, symlink_install=False, test_result_base=None, continue_on_error=False, executor='parallel', parallel_workers=12, event_handlers=None, ignore_user_meta=False, metas=['./colcon.meta'], base_paths=['.'], packages_ignore=None, packages_ignore_regex=None, paths=None, packages_up_to=None, packages_up_to_regex=None, packages_above=None, packages_above_and_dependencies=None, packages_above_depth=None, packages_select_by_dep=None, packages_skip_by_dep=None, packages_skip_up_to=None, packages_select_build_failed=False, packages_skip_build_finished=False, packages_select_test_failures=False, packages_skip_test_passed=False, packages_select=None, packages_skip=None, packages_select_regex=None, packages_skip_regex=None, packages_start=None, packages_end=None, allow_overriding=[], cmake_args=None, cmake_target=None, cmake_target_skip_unavailable=False, cmake_clean_cache=False, cmake_clean_first=False, cmake_force_configure=False, ament_cmake_args=None, catkin_cmake_args=None, catkin_skip_building_tests=False, mixin_files=None, mixin=None, verb_parser=<colcon_mixin.mixin.mixin_argument.MixinArgumentDecorator object at 0x70f00b1f8250>, verb_extension=<colcon_core.verb.build.BuildVerb object at 0x70f00b3cb5b0>, main=<bound method BuildVerb.main of <colcon_core.verb.build.BuildVerb object at 0x70f00b3cb5b0>>, mixin_verb=('build',))[0m
[0.183s] [34mcolcon.colcon_core.package_discovery[0m [1;30mLevel 1[0m discover_packages(colcon_meta) check parameters
[0.184s] [34mcolcon.colcon_core.package_discovery[0m [1;30mLevel 1[0m discover_packages(recursive) check parameters
[0.184s] [34mcolcon.colcon_core.package_discovery[0m [1;30mLevel 1[0m discover_packages(ignore) check parameters
[0.184s] [34mcolcon.colcon_core.package_discovery[0m [1;30mLevel 1[0m discover_packages(path) check parameters
[0.184s] [34mcolcon.colcon_core.package_discovery[0m [1;30mLevel 1[0m discover_packages(colcon_meta) discover
[0.184s] [34mcolcon.colcon_core.package_discovery[0m [1;30mLevel 1[0m discover_packages(recursive) discover
[0.184s] [34mcolcon.colcon_core.package_discovery[0m [1;30mINFO[0m Crawling recursively for packages in '/mnt/d/realsense-pub-interface/realsense_processor'
[0.185s] [34mcolcon.colcon_core.package_identification[0m [1;30mLevel 1[0m _identify(.) by extensions ['ignore', 'ignore_ament_install']
[0.185s] [34mcolcon.colcon_core.package_identification[0m [1;30mLevel 1[0m _identify(.) by extension 'ignore'
[0.185s] [34mcolcon.colcon_core.package_identification[0m [1;30mLevel 1[0m _identify(.) by extension 'ignore_ament_install'
[0.185s] [34mcolcon.colcon_core.package_identification[0m [1;30mLevel 1[0m _identify(.) by extensions ['colcon_pkg']
[0.185s] [34mcolcon.colcon_core.package_identification[0m [1;30mLevel 1[0m _identify(.) by extension 'colcon_pkg'
[0.185s] [34mcolcon.colcon_core.package_identification[0m [1;30mLevel 1[0m _identify(.) by extensions ['colcon_meta']
[0.185s] [34mcolcon.colcon_core.package_identification[0m [1;30mLevel 1[0m _identify(.) by extension 'colcon_meta'
[0.185s] [34mcolcon.colcon_core.package_identification[0m [1;30mLevel 1[0m _identify(.) by extensions ['ros']
[0.185s] [34mcolcon.colcon_core.package_identification[0m [1;30mLevel 1[0m _identify(.) by extension 'ros'
[0.215s] [34mcolcon.colcon_core.package_identification[0m [1;30mDEBUG[0m [32mPackage '.' with type 'ros.ament_cmake' and name 'realsense_processor'[0m
[0.215s] [34mcolcon.colcon_core.package_discovery[0m [1;30mLevel 1[0m discover_packages(recursive) using defaults
[0.215s] [34mcolcon.colcon_core.package_discovery[0m [1;30mLevel 1[0m discover_packages(ignore) discover
[0.215s] [34mcolcon.colcon_core.package_discovery[0m [1;30mLevel 1[0m discover_packages(ignore) using defaults
[0.215s] [34mcolcon.colcon_core.package_discovery[0m [1;30mLevel 1[0m discover_packages(path) discover
[0.215s] [34mcolcon.colcon_core.package_discovery[0m [1;30mLevel 1[0m discover_packages(path) using defaults
[0.237s] [34mcolcon.colcon_core.package_discovery[0m [1;30mLevel 1[0m discover_packages(prefix_path) check parameters
[0.238s] [34mcolcon.colcon_core.package_discovery[0m [1;30mLevel 1[0m discover_packages(prefix_path) discover
[0.244s] [34mcolcon.colcon_installed_package_information.package_discovery[0m [1;30mDEBUG[0m [32mFound 1 installed packages in /mnt/d/ros1-bridge/ros-humble-ros1-bridge/install[0m
[0.248s] [34mcolcon.colcon_installed_package_information.package_discovery[0m [1;30mDEBUG[0m [32mFound 439 installed packages in /opt/ros/humble[0m
[0.251s] [34mcolcon.colcon_core.package_discovery[0m [1;30mLevel 1[0m discover_packages(prefix_path) using defaults
[0.316s] [34mcolcon.colcon_core.verb[0m [1;30mLevel 5[0m set package 'realsense_processor' build argument 'cmake_args' from command line to 'None'
[0.316s] [34mcolcon.colcon_core.verb[0m [1;30mLevel 5[0m set package 'realsense_processor' build argument 'cmake_target' from command line to 'None'
[0.316s] [34mcolcon.colcon_core.verb[0m [1;30mLevel 5[0m set package 'realsense_processor' build argument 'cmake_target_skip_unavailable' from command line to 'False'
[0.316s] [34mcolcon.colcon_core.verb[0m [1;30mLevel 5[0m set package 'realsense_processor' build argument 'cmake_clean_cache' from command line to 'False'
[0.316s] [34mcolcon.colcon_core.verb[0m [1;30mLevel 5[0m set package 'realsense_processor' build argument 'cmake_clean_first' from command line to 'False'
[0.316s] [34mcolcon.colcon_core.verb[0m [1;30mLevel 5[0m set package 'realsense_processor' build argument 'cmake_force_configure' from command line to 'False'
[0.316s] [34mcolcon.colcon_core.verb[0m [1;30mLevel 5[0m set package 'realsense_processor' build argument 'ament_cmake_args' from command line to 'None'
[0.316s] [34mcolcon.colcon_core.verb[0m [1;30mLevel 5[0m set package 'realsense_processor' build argument 'catkin_cmake_args' from command line to 'None'
[0.316s] [34mcolcon.colcon_core.verb[0m [1;30mLevel 5[0m set package 'realsense_processor' build argument 'catkin_skip_building_tests' from command line to 'False'
[0.316s] [34mcolcon.colcon_core.verb[0m [1;30mDEBUG[0m [32mBuilding package 'realsense_processor' with the following arguments: {'ament_cmake_args': None, 'build_base': '/mnt/d/realsense-pub-interface/realsense_processor/build/realsense_processor', 'catkin_cmake_args': None, 'catkin_skip_building_tests': False, 'cmake_args': None, 'cmake_clean_cache': False, 'cmake_clean_first': False, 'cmake_force_configure': False, 'cmake_target': None, 'cmake_target_skip_unavailable': False, 'install_base': '/mnt/d/realsense-pub-interface/realsense_processor/install/realsense_processor', 'merge_install': False, 'path': '/mnt/d/realsense-pub-interface/realsense_processor', 'symlink_install': False, 'test_result_base': None}[0m
[0.317s] [34mcolcon.colcon_core.executor[0m [1;30mINFO[0m Executing jobs using 'parallel' executor
[0.318s] [34mcolcon.colcon_parallel_executor.executor.parallel[0m [1;30mDEBUG[0m [32mrun_until_complete[0m
[0.318s] [34mcolcon.colcon_ros.task.ament_cmake.build[0m [1;30mINFO[0m Building ROS package in '/mnt/d/realsense-pub-interface/realsense_processor' with build type 'ament_cmake'
[0.318s] [34mcolcon.colcon_cmake.task.cmake.build[0m [1;30mINFO[0m Building CMake package in '/mnt/d/realsense-pub-interface/realsense_processor'
[0.320s] [34mcolcon.colcon_core.plugin_system[0m [1;30mINFO[0m Skipping extension 'colcon_core.shell.bat': Not used on non-Windows systems
[0.321s] [34mcolcon.colcon_core.shell[0m [1;30mINFO[0m Skip shell extension 'powershell' for command environment: Not usable outside of PowerShell
[0.321s] [34mcolcon.colcon_core.shell[0m [1;30mDEBUG[0m [32mSkip shell extension 'dsv' for command environment[0m
[0.339s] [34mcolcon.colcon_core.event_handler.log_command[0m [1;30mDEBUG[0m [32mInvoking command in '/mnt/d/realsense-pub-interface/realsense_processor/build/realsense_processor': CMAKE_PREFIX_PATH=${CMAKE_PREFIX_PATH}:/opt/ros/humble /usr/bin/cmake /mnt/d/realsense-pub-interface/realsense_processor -DCMAKE_INSTALL_PREFIX=/mnt/d/realsense-pub-interface/realsense_processor/install/realsense_processor[0m
[3.755s] [34mcolcon.colcon_core.event_handler.log_command[0m [1;30mDEBUG[0m [32mInvoked command in '/mnt/d/realsense-pub-interface/realsense_processor/build/realsense_processor' returned '0': CMAKE_PREFIX_PATH=${CMAKE_PREFIX_PATH}:/opt/ros/humble /usr/bin/cmake /mnt/d/realsense-pub-interface/realsense_processor -DCMAKE_INSTALL_PREFIX=/mnt/d/realsense-pub-interface/realsense_processor/install/realsense_processor[0m
[3.759s] [34mcolcon.colcon_core.event_handler.log_command[0m [1;30mDEBUG[0m [32mInvoking command in '/mnt/d/realsense-pub-interface/realsense_processor/build/realsense_processor': CMAKE_PREFIX_PATH=${CMAKE_PREFIX_PATH}:/opt/ros/humble /usr/bin/cmake --build /mnt/d/realsense-pub-interface/realsense_processor/build/realsense_processor -- -j12 -l12[0m
[14.589s] [34mcolcon.colcon_core.event_handler.log_command[0m [1;30mDEBUG[0m [32mInvoked command in '/mnt/d/realsense-pub-interface/realsense_processor/build/realsense_processor' returned '0': CMAKE_PREFIX_PATH=${CMAKE_PREFIX_PATH}:/opt/ros/humble /usr/bin/cmake --build /mnt/d/realsense-pub-interface/realsense_processor/build/realsense_processor -- -j12 -l12[0m
[14.642s] [34mcolcon.colcon_core.event_handler.log_command[0m [1;30mDEBUG[0m [32mInvoking command in '/mnt/d/realsense-pub-interface/realsense_processor/build/realsense_processor': CMAKE_PREFIX_PATH=${CMAKE_PREFIX_PATH}:/opt/ros/humble /usr/bin/cmake --install /mnt/d/realsense-pub-interface/realsense_processor/build/realsense_processor[0m
[14.737s] [34mcolcon.colcon_core.event_handler.log_command[0m [1;30mDEBUG[0m [32mInvoked command in '/mnt/d/realsense-pub-interface/realsense_processor/build/realsense_processor' returned '1': CMAKE_PREFIX_PATH=${CMAKE_PREFIX_PATH}:/opt/ros/humble /usr/bin/cmake --install /mnt/d/realsense-pub-interface/realsense_processor/build/realsense_processor[0m
[14.738s] [34mcolcon.colcon_core.environment[0m [1;30mLevel 1[0m create_environment_scripts_only(realsense_processor)
[14.745s] [34mcolcon.colcon_core.environment[0m [1;30mLevel 1[0m checking '/mnt/d/realsense-pub-interface/realsense_processor/install/realsense_processor' for CMake module files
[14.747s] [34mcolcon.colcon_core.environment[0m [1;30mLevel 1[0m checking '/mnt/d/realsense-pub-interface/realsense_processor/install/realsense_processor' for CMake config files
[14.748s] [34mcolcon.colcon_core.environment[0m [1;30mLevel 1[0m checking '/mnt/d/realsense-pub-interface/realsense_processor/install/realsense_processor/lib'
[14.749s] [34mcolcon.colcon_core.environment[0m [1;30mLevel 1[0m checking '/mnt/d/realsense-pub-interface/realsense_processor/install/realsense_processor/bin'
[14.750s] [34mcolcon.colcon_core.environment[0m [1;30mLevel 1[0m checking '/mnt/d/realsense-pub-interface/realsense_processor/install/realsense_processor/lib/pkgconfig/realsense_processor.pc'
[14.750s] [34mcolcon.colcon_core.environment[0m [1;30mLevel 1[0m checking '/mnt/d/realsense-pub-interface/realsense_processor/install/realsense_processor/lib/python3.10/site-packages'
[14.751s] [34mcolcon.colcon_core.environment[0m [1;30mLevel 1[0m checking '/mnt/d/realsense-pub-interface/realsense_processor/install/realsense_processor/bin'
[14.752s] [34mcolcon.colcon_core.shell[0m [1;30mINFO[0m Creating package script '/mnt/d/realsense-pub-interface/realsense_processor/install/realsense_processor/share/realsense_processor/package.ps1'
[14.756s] [34mcolcon.colcon_core.shell[0m [1;30mINFO[0m Creating package descriptor '/mnt/d/realsense-pub-interface/realsense_processor/install/realsense_processor/share/realsense_processor/package.dsv'
[14.758s] [34mcolcon.colcon_core.shell[0m [1;30mINFO[0m Creating package script '/mnt/d/realsense-pub-interface/realsense_processor/install/realsense_processor/share/realsense_processor/package.sh'
[14.760s] [34mcolcon.colcon_core.shell[0m [1;30mINFO[0m Creating package script '/mnt/d/realsense-pub-interface/realsense_processor/install/realsense_processor/share/realsense_processor/package.bash'
[14.762s] [34mcolcon.colcon_core.shell[0m [1;30mINFO[0m Creating package script '/mnt/d/realsense-pub-interface/realsense_processor/install/realsense_processor/share/realsense_processor/package.zsh'
[14.763s] [34mcolcon.colcon_core.environment[0m [1;30mLevel 1[0m create_file_with_runtime_dependencies(/mnt/d/realsense-pub-interface/realsense_processor/install/realsense_processor/share/colcon-core/packages/realsense_processor)
[14.775s] [34mcolcon.colcon_parallel_executor.executor.parallel[0m [1;30mDEBUG[0m [32mclosing loop[0m
[14.775s] [34mcolcon.colcon_parallel_executor.executor.parallel[0m [1;30mDEBUG[0m [32mloop closed[0m
[14.776s] [34mcolcon.colcon_parallel_executor.executor.parallel[0m [1;30mDEBUG[0m [32mrun_until_complete finished with '1'[0m
[14.776s] [34mcolcon.colcon_core.event_reactor[0m [1;30mDEBUG[0m [32mjoining thread[0m
[14.800s] [34mcolcon.colcon_core.plugin_system[0m [1;30mINFO[0m Skipping extension 'colcon_notification.desktop_notification.terminal_notifier': Not used on non-Darwin systems
[14.801s] [34mcolcon.colcon_core.plugin_system[0m [1;30mINFO[0m Skipping extension 'colcon_notification.desktop_notification.win32': Not used on non-Windows systems
[14.802s] [34mcolcon.colcon_notification.desktop_notification[0m [1;30mINFO[0m Sending desktop notification using 'notify2'
[14.841s] [34mcolcon.colcon_core.event_reactor[0m [1;30mDEBUG[0m [32mjoined thread[0m
[14.842s] [34mcolcon.colcon_core.shell[0m [1;30mINFO[0m Creating prefix script '/mnt/d/realsense-pub-interface/realsense_processor/install/local_setup.ps1'
[14.843s] [34mcolcon.colcon_core.shell[0m [1;30mINFO[0m Creating prefix util module '/mnt/d/realsense-pub-interface/realsense_processor/install/_local_setup_util_ps1.py'
[14.847s] [34mcolcon.colcon_core.shell[0m [1;30mINFO[0m Creating prefix chain script '/mnt/d/realsense-pub-interface/realsense_processor/install/setup.ps1'
[14.850s] [34mcolcon.colcon_core.shell[0m [1;30mINFO[0m Creating prefix script '/mnt/d/realsense-pub-interface/realsense_processor/install/local_setup.sh'
[14.851s] [34mcolcon.colcon_core.shell[0m [1;30mINFO[0m Creating prefix util module '/mnt/d/realsense-pub-interface/realsense_processor/install/_local_setup_util_sh.py'
[14.854s] [34mcolcon.colcon_core.shell[0m [1;30mINFO[0m Creating prefix chain script '/mnt/d/realsense-pub-interface/realsense_processor/install/setup.sh'
[14.858s] [34mcolcon.colcon_core.shell[0m [1;30mINFO[0m Creating prefix script '/mnt/d/realsense-pub-interface/realsense_processor/install/local_setup.bash'
[14.860s] [34mcolcon.colcon_core.shell[0m [1;30mINFO[0m Creating prefix chain script '/mnt/d/realsense-pub-interface/realsense_processor/install/setup.bash'
[14.862s] [34mcolcon.colcon_core.shell[0m [1;30mINFO[0m Creating prefix script '/mnt/d/realsense-pub-interface/realsense_processor/install/local_setup.zsh'
[14.864s] [34mcolcon.colcon_core.shell[0m [1;30mINFO[0m Creating prefix chain script '/mnt/d/realsense-pub-interface/realsense_processor/install/setup.zsh'
