[0.020s] Invoking command in '/mnt/d/realsense-pub-interface/realsense_processor/build/realsense_processor': CMAKE_PREFIX_PATH=${CMAKE_PREFIX_PATH}:/opt/ros/humble /usr/bin/cmake /mnt/d/realsense-pub-interface/realsense_processor -DCMAKE_INSTALL_PREFIX=/mnt/d/realsense-pub-interface/realsense_processor/install/realsense_processor
[0.241s] -- The C compiler identification is GNU 11.4.0
[0.345s] -- The CXX compiler identification is GNU 11.4.0
[0.365s] -- Detecting C compiler ABI info
[0.601s] -- Detecting C compiler ABI info - done
[0.616s] -- Check for working C compiler: /usr/bin/cc - skipped
[0.616s] -- Detecting C compile features
[0.617s] -- Detecting C compile features - done
[0.626s] -- Detecting CXX compiler ABI info
[0.860s] -- Detecting CXX compiler ABI info - done
[0.873s] -- Check for working CXX compiler: /usr/bin/c++ - skipped
[0.874s] -- Detecting CXX compile features
[0.875s] -- Detecting CXX compile features - done
[0.884s] -- Found PkgConfig: /usr/bin/pkg-config (found version "0.29.2") 
[0.886s] -- Checking for module 'libzmq'
[0.927s] --   Found libzmq, version 4.3.4
[1.043s] -- Checking for module 'liblz4'
[1.075s] --   Found liblz4, version 1.9.3
[1.205s] -- Checking for module 'libzstd'
[1.233s] --   Found libzstd, version 1.4.8
[1.342s] -- Found ament_cmake: 1.3.11 (/opt/ros/humble/share/ament_cmake/cmake)
[1.929s] -- Found Python3: /usr/bin/python3 (found version "3.10.12") found components: Interpreter 
[2.125s] -- Found rclcpp: 16.0.11 (/opt/ros/humble/share/rclcpp/cmake)
[2.178s] -- Found rosidl_generator_c: 3.1.6 (/opt/ros/humble/share/rosidl_generator_c/cmake)
[2.191s] -- Found rosidl_adapter: 3.1.6 (/opt/ros/humble/share/rosidl_adapter/cmake)
[2.205s] -- Found rosidl_generator_cpp: 3.1.6 (/opt/ros/humble/share/rosidl_generator_cpp/cmake)
[2.230s] -- Using all available rosidl_typesupport_c: rosidl_typesupport_fastrtps_c;rosidl_typesupport_introspection_c
[2.248s] -- Using all available rosidl_typesupport_cpp: rosidl_typesupport_fastrtps_cpp;rosidl_typesupport_introspection_cpp
[2.304s] -- Found rmw_implementation_cmake: 6.1.2 (/opt/ros/humble/share/rmw_implementation_cmake/cmake)
[2.310s] -- Found rmw_fastrtps_cpp: 6.2.7 (/opt/ros/humble/share/rmw_fastrtps_cpp/cmake)
[2.552s] -- Found OpenSSL: /usr/lib/x86_64-linux-gnu/libcrypto.so (found version "3.0.2")  
[2.600s] -- Found FastRTPS: /opt/ros/humble/include  
[2.680s] -- Using RMW implementation 'rmw_fastrtps_cpp' as default
[2.706s] -- Looking for pthread.h
[2.896s] -- Looking for pthread.h - found
[2.897s] -- Performing Test CMAKE_HAVE_LIBC_PTHREAD
[3.066s] -- Performing Test CMAKE_HAVE_LIBC_PTHREAD - Success
[3.069s] -- Found Threads: TRUE  
[3.141s] -- Found sensor_msgs: 4.2.4 (/opt/ros/humble/share/sensor_msgs/cmake)
[3.184s] -- Found OpenCV: /usr (found version "4.5.4") 
[3.348s] -- Configuring done
[3.380s] -- Generating done
[3.411s] -- Build files have been written to: /mnt/d/realsense-pub-interface/realsense_processor/build/realsense_processor
[3.436s] Invoked command in '/mnt/d/realsense-pub-interface/realsense_processor/build/realsense_processor' returned '0': CMAKE_PREFIX_PATH=${CMAKE_PREFIX_PATH}:/opt/ros/humble /usr/bin/cmake /mnt/d/realsense-pub-interface/realsense_processor -DCMAKE_INSTALL_PREFIX=/mnt/d/realsense-pub-interface/realsense_processor/install/realsense_processor
[3.440s] Invoking command in '/mnt/d/realsense-pub-interface/realsense_processor/build/realsense_processor': CMAKE_PREFIX_PATH=${CMAKE_PREFIX_PATH}:/opt/ros/humble /usr/bin/cmake --build /mnt/d/realsense-pub-interface/realsense_processor/build/realsense_processor -- -j12 -l12
[3.610s] [ 50%] [32mBuilding CXX object CMakeFiles/realsense_processor.dir/src/send_frames.cpp.o[0m
[12.925s] [100%] [32m[1mLinking CXX executable realsense_processor[0m
[14.227s] [100%] Built target realsense_processor
[14.269s] Invoked command in '/mnt/d/realsense-pub-interface/realsense_processor/build/realsense_processor' returned '0': CMAKE_PREFIX_PATH=${CMAKE_PREFIX_PATH}:/opt/ros/humble /usr/bin/cmake --build /mnt/d/realsense-pub-interface/realsense_processor/build/realsense_processor -- -j12 -l12
[14.323s] Invoking command in '/mnt/d/realsense-pub-interface/realsense_processor/build/realsense_processor': CMAKE_PREFIX_PATH=${CMAKE_PREFIX_PATH}:/opt/ros/humble /usr/bin/cmake --install /mnt/d/realsense-pub-interface/realsense_processor/build/realsense_processor
[14.353s] -- Install configuration: ""
[14.354s] -- Installing: /mnt/d/realsense-pub-interface/realsense_processor/install/realsense_processor/lib/realsense_processor/realsense_processor
[14.411s] -- Set runtime path of "/mnt/d/realsense-pub-interface/realsense_processor/install/realsense_processor/lib/realsense_processor/realsense_processor" to ""
[14.412s] [31mCMake Error at cmake_install.cmake:66 (file):
[14.413s]   file INSTALL cannot find
[14.413s]   "/mnt/d/realsense-pub-interface/realsense_processor/launch": No such file
[14.414s]   or directory.
[14.416s] 
[14.417s] [0m
[14.418s] Invoked command in '/mnt/d/realsense-pub-interface/realsense_processor/build/realsense_processor' returned '1': CMAKE_PREFIX_PATH=${CMAKE_PREFIX_PATH}:/opt/ros/humble /usr/bin/cmake --install /mnt/d/realsense-pub-interface/realsense_processor/build/realsense_processor
