-- Found ament_cmake: 1.3.11 (/opt/ros/humble/share/ament_cmake/cmake)
-- Found rclcpp: 16.0.11 (/opt/ros/humble/share/rclcpp/cmake)
-- Found rosidl_generator_c: 3.1.6 (/opt/ros/humble/share/rosidl_generator_c/cmake)
-- Found rosidl_adapter: 3.1.6 (/opt/ros/humble/share/rosidl_adapter/cmake)
-- Found rosidl_generator_cpp: 3.1.6 (/opt/ros/humble/share/rosidl_generator_cpp/cmake)
-- Using all available rosidl_typesupport_c: rosidl_typesupport_fastrtps_c;rosidl_typesupport_introspection_c
-- Using all available rosidl_typesupport_cpp: rosidl_typesupport_fastrtps_cpp;rosidl_typesupport_introspection_cpp
-- Found rmw_implementation_cmake: 6.1.2 (/opt/ros/humble/share/rmw_implementation_cmake/cmake)
-- Found rmw_fastrtps_cpp: 6.2.7 (/opt/ros/humble/share/rmw_fastrtps_cpp/cmake)
-- Using RMW implementation 'rmw_fastrtps_cpp' as default
-- Found sensor_msgs: 4.2.4 (/opt/ros/humble/share/sensor_msgs/cmake)
-- Configuring done
-- Generating done
-- Build files have been written to: /mnt/d/realsense-pub-interface/realsense_processor/build/realsense_processor
[35m[1mConsolidate compiler generated dependencies of target realsense_processor[0m
[100%] Built target realsense_processor
-- Install configuration: ""
-- Up-to-date: /mnt/d/realsense-pub-interface/realsense_processor/install/realsense_processor/lib/realsense_processor/realsense_processor
-- Up-to-date: /mnt/d/realsense-pub-interface/realsense_processor/install/realsense_processor/share/realsense_processor
-- Installing: /mnt/d/realsense-pub-interface/realsense_processor/install/realsense_processor/share/ament_index/resource_index/package_run_dependencies/realsense_processor
-- Installing: /mnt/d/realsense-pub-interface/realsense_processor/install/realsense_processor/share/ament_index/resource_index/parent_prefix_path/realsense_processor
-- Installing: /mnt/d/realsense-pub-interface/realsense_processor/install/realsense_processor/share/realsense_processor/environment/ament_prefix_path.sh
-- Installing: /mnt/d/realsense-pub-interface/realsense_processor/install/realsense_processor/share/realsense_processor/environment/ament_prefix_path.dsv
-- Installing: /mnt/d/realsense-pub-interface/realsense_processor/install/realsense_processor/share/realsense_processor/environment/path.sh
-- Installing: /mnt/d/realsense-pub-interface/realsense_processor/install/realsense_processor/share/realsense_processor/environment/path.dsv
-- Installing: /mnt/d/realsense-pub-interface/realsense_processor/install/realsense_processor/share/realsense_processor/local_setup.bash
-- Installing: /mnt/d/realsense-pub-interface/realsense_processor/install/realsense_processor/share/realsense_processor/local_setup.sh
-- Installing: /mnt/d/realsense-pub-interface/realsense_processor/install/realsense_processor/share/realsense_processor/local_setup.zsh
-- Installing: /mnt/d/realsense-pub-interface/realsense_processor/install/realsense_processor/share/realsense_processor/local_setup.dsv
-- Installing: /mnt/d/realsense-pub-interface/realsense_processor/install/realsense_processor/share/realsense_processor/package.dsv
-- Installing: /mnt/d/realsense-pub-interface/realsense_processor/install/realsense_processor/share/ament_index/resource_index/packages/realsense_processor
-- Installing: /mnt/d/realsense-pub-interface/realsense_processor/install/realsense_processor/share/realsense_processor/cmake/realsense_processorConfig.cmake
-- Installing: /mnt/d/realsense-pub-interface/realsense_processor/install/realsense_processor/share/realsense_processor/cmake/realsense_processorConfig-version.cmake
-- Installing: /mnt/d/realsense-pub-interface/realsense_processor/install/realsense_processor/share/realsense_processor/package.xml
