[0.016s] Invoking command in '/mnt/d/realsense-pub-interface/realsense_processor/build/realsense_processor': CMAKE_PREFIX_PATH=${CMAKE_PREFIX_PATH}:/opt/ros/humble /usr/bin/cmake --build /mnt/d/realsense-pub-interface/realsense_processor/build/realsense_processor -- -j12 -l12
[0.085s] -- Found ament_cmake: 1.3.11 (/opt/ros/humble/share/ament_cmake/cmake)
[0.249s] -- Found rclcpp: 16.0.11 (/opt/ros/humble/share/rclcpp/cmake)
[0.277s] -- Found rosidl_generator_c: 3.1.6 (/opt/ros/humble/share/rosidl_generator_c/cmake)
[0.278s] -- Found rosidl_adapter: 3.1.6 (/opt/ros/humble/share/rosidl_adapter/cmake)
[0.283s] -- Found rosidl_generator_cpp: 3.1.6 (/opt/ros/humble/share/rosidl_generator_cpp/cmake)
[0.292s] -- Using all available rosidl_typesupport_c: rosidl_typesupport_fastrtps_c;rosidl_typesupport_introspection_c
[0.300s] -- Using all available rosidl_typesupport_cpp: rosidl_typesupport_fastrtps_cpp;rosidl_typesupport_introspection_cpp
[0.328s] -- Found rmw_implementation_cmake: 6.1.2 (/opt/ros/humble/share/rmw_implementation_cmake/cmake)
[0.329s] -- Found rmw_fastrtps_cpp: 6.2.7 (/opt/ros/humble/share/rmw_fastrtps_cpp/cmake)
[0.507s] -- Using RMW implementation 'rmw_fastrtps_cpp' as default
[0.594s] -- Found sensor_msgs: 4.2.4 (/opt/ros/humble/share/sensor_msgs/cmake)
[0.789s] -- Configuring done
[0.817s] -- Generating done
[0.837s] -- Build files have been written to: /mnt/d/realsense-pub-interface/realsense_processor/build/realsense_processor
[0.892s] [35m[1mConsolidate compiler generated dependencies of target realsense_processor[0m
[1.032s] [100%] Built target realsense_processor
[1.052s] Invoked command in '/mnt/d/realsense-pub-interface/realsense_processor/build/realsense_processor' returned '0': CMAKE_PREFIX_PATH=${CMAKE_PREFIX_PATH}:/opt/ros/humble /usr/bin/cmake --build /mnt/d/realsense-pub-interface/realsense_processor/build/realsense_processor -- -j12 -l12
[1.078s] Invoking command in '/mnt/d/realsense-pub-interface/realsense_processor/build/realsense_processor': CMAKE_PREFIX_PATH=${CMAKE_PREFIX_PATH}:/opt/ros/humble /usr/bin/cmake --install /mnt/d/realsense-pub-interface/realsense_processor/build/realsense_processor
[1.099s] -- Install configuration: ""
[1.100s] -- Up-to-date: /mnt/d/realsense-pub-interface/realsense_processor/install/realsense_processor/lib/realsense_processor/realsense_processor
[1.101s] -- Up-to-date: /mnt/d/realsense-pub-interface/realsense_processor/install/realsense_processor/share/realsense_processor
[1.102s] -- Installing: /mnt/d/realsense-pub-interface/realsense_processor/install/realsense_processor/share/ament_index/resource_index/package_run_dependencies/realsense_processor
[1.103s] -- Installing: /mnt/d/realsense-pub-interface/realsense_processor/install/realsense_processor/share/ament_index/resource_index/parent_prefix_path/realsense_processor
[1.104s] -- Installing: /mnt/d/realsense-pub-interface/realsense_processor/install/realsense_processor/share/realsense_processor/environment/ament_prefix_path.sh
[1.105s] -- Installing: /mnt/d/realsense-pub-interface/realsense_processor/install/realsense_processor/share/realsense_processor/environment/ament_prefix_path.dsv
[1.106s] -- Installing: /mnt/d/realsense-pub-interface/realsense_processor/install/realsense_processor/share/realsense_processor/environment/path.sh
[1.107s] -- Installing: /mnt/d/realsense-pub-interface/realsense_processor/install/realsense_processor/share/realsense_processor/environment/path.dsv
[1.108s] -- Installing: /mnt/d/realsense-pub-interface/realsense_processor/install/realsense_processor/share/realsense_processor/local_setup.bash
[1.109s] -- Installing: /mnt/d/realsense-pub-interface/realsense_processor/install/realsense_processor/share/realsense_processor/local_setup.sh
[1.110s] -- Installing: /mnt/d/realsense-pub-interface/realsense_processor/install/realsense_processor/share/realsense_processor/local_setup.zsh
[1.110s] -- Installing: /mnt/d/realsense-pub-interface/realsense_processor/install/realsense_processor/share/realsense_processor/local_setup.dsv
[1.111s] -- Installing: /mnt/d/realsense-pub-interface/realsense_processor/install/realsense_processor/share/realsense_processor/package.dsv
[1.112s] -- Installing: /mnt/d/realsense-pub-interface/realsense_processor/install/realsense_processor/share/ament_index/resource_index/packages/realsense_processor
[1.112s] -- Installing: /mnt/d/realsense-pub-interface/realsense_processor/install/realsense_processor/share/realsense_processor/cmake/realsense_processorConfig.cmake
[1.113s] -- Installing: /mnt/d/realsense-pub-interface/realsense_processor/install/realsense_processor/share/realsense_processor/cmake/realsense_processorConfig-version.cmake
[1.114s] -- Installing: /mnt/d/realsense-pub-interface/realsense_processor/install/realsense_processor/share/realsense_processor/package.xml
[1.119s] Invoked command in '/mnt/d/realsense-pub-interface/realsense_processor/build/realsense_processor' returned '0': CMAKE_PREFIX_PATH=${CMAKE_PREFIX_PATH}:/opt/ros/humble /usr/bin/cmake --install /mnt/d/realsense-pub-interface/realsense_processor/build/realsense_processor
